<?xml version="1.0" encoding="UTF-8"?>
<!-- Generated by org.testng.reporters.JUnitXMLReporter -->
<testsuite hostname="DESKTOP-D9FCAC4" name="Test" tests="5" failures="0" timestamp="8 Aug 2024 09:40:23 GMT" time="0.031" errors="0">
  <testcase name="dollars" time="0.009" classname="org.grouping.PaymentTest"/>
  <testcase name="indMoney" time="0.001" classname="org.grouping.PaymentTest"/>
  <testcase name="wha" time="0.0" classname="org.grouping.SignUpTest"/>
  <testcase name="hike" time="0.001" classname="org.grouping.SignUpTest"/>
  <testcase name="message" time="0.0" classname="org.grouping.SignUpTest"/>
</testsuite> <!-- Test -->
