<?xml version="1.0" encoding="UTF-8"?>
<!-- Generated by org.testng.reporters.JUnitXMLReporter -->
<testsuite hostname="DESKTOP-D9FCAC4" name="Test" tests="6" failures="0" timestamp="8 Aug 2024 09:35:13 GMT" time="0.033" errors="0">
  <testcase name="dollars" time="0.008" classname="org.grouping.PaymentTest"/>
  <testcase name="indMoney" time="0.001" classname="org.grouping.PaymentTest"/>
  <testcase name="face" time="0.001" classname="org.grouping.LoginTest"/>
  <testcase name="insta" time="0.001" classname="org.grouping.LoginTest"/>
  <testcase name="goog" time="0.0" classname="org.grouping.LoginTest"/>
  <testcase name="wha" time="0.001" classname="org.grouping.SignUpTest"/>
</testsuite> <!-- Test -->
