<?xml version="1.0" encoding="UTF-8"?>
<testng-results skipped="0" failed="0" ignored="0" total="1" passed="1">
  <reporter-output>
  </reporter-output>
  <suite name="Smoke Suite" duration-ms="10649" started-at="2024-08-17T13:38:33Z" finished-at="2024-08-17T13:38:44Z">
    <groups>
    </groups>
    <test name="Test" duration-ms="10649" started-at="2024-08-17T13:38:33Z" finished-at="2024-08-17T13:38:44Z">
      <class name="org.testcase.Tc1_Registration">
        <test-method status="PASS" signature="openBrowser()[pri:0, instance:org.testcase.Tc1_Registration@91161c7]" name="openBrowser" is-config="true" duration-ms="6484" started-at="2024-08-17T13:38:33Z" finished-at="2024-08-17T13:38:40Z">
          <reporter-output>
          </reporter-output>
        </test-method> <!-- openBrowser -->
        <test-method status="PASS" signature="startTime()[pri:0, instance:org.testcase.Tc1_Registration@91161c7]" name="startTime" is-config="true" duration-ms="3" started-at="2024-08-17T13:38:40Z" finished-at="2024-08-17T13:38:40Z">
          <reporter-output>
          </reporter-output>
        </test-method> <!-- startTime -->
        <test-method status="PASS" signature="tc1(java.lang.String, java.lang.String)[pri:0, instance:org.testcase.Tc1_Registration@91161c7]" name="tc1" duration-ms="4015" started-at="2024-08-17T13:38:40Z" finished-at="2024-08-17T13:38:44Z">
          <params>
            <param index="0">
              <value>
                <![CDATA[Rakesh]]>
              </value>
            </param>
            <param index="1">
              <value>
                <![CDATA[rakerakeshv002@gmail.com]]>
              </value>
            </param>
          </params>
          <reporter-output>
          </reporter-output>
        </test-method> <!-- tc1 -->
        <test-method status="PASS" signature="endTime()[pri:0, instance:org.testcase.Tc1_Registration@91161c7]" name="endTime" is-config="true" duration-ms="1" started-at="2024-08-17T13:38:44Z" finished-at="2024-08-17T13:38:44Z">
          <reporter-output>
          </reporter-output>
        </test-method> <!-- endTime -->
        <test-method status="PASS" signature="closePage()[pri:0, instance:org.testcase.Tc1_Registration@91161c7]" name="closePage" is-config="true" duration-ms="121" started-at="2024-08-17T13:38:44Z" finished-at="2024-08-17T13:38:44Z">
          <reporter-output>
          </reporter-output>
        </test-method> <!-- closePage -->
      </class> <!-- org.testcase.Tc1_Registration -->
    </test> <!-- Test -->
  </suite> <!-- Smoke Suite -->
</testng-results>
