<?xml version="1.0" encoding="UTF-8"?>
<testng-results skipped="0" failed="0" total="1" passed="1">
  <reporter-output>
  </reporter-output>
  <suite name="Smoke Suite" duration-ms="16642" started-at="2024-08-17T06:20:07Z" finished-at="2024-08-17T06:20:24Z">
    <groups>
    </groups>
    <test name="Test" duration-ms="16642" started-at="2024-08-17T06:20:07Z" finished-at="2024-08-17T06:20:24Z">
      <class name="org.testcase.Tc1_Registration">
        <test-method status="PASS" signature="openBrowser()[pri:0, instance:org.testcase.Tc1_Registration@55d56113]" name="openBrowser" is-config="true" duration-ms="12257" started-at="2024-08-17T11:50:07Z" finished-at="2024-08-17T11:50:20Z">
          <reporter-output>
          </reporter-output>
        </test-method> <!-- openBrowser -->
        <test-method status="PASS" signature="startTime()[pri:0, instance:org.testcase.Tc1_Registration@55d56113]" name="startTime" is-config="true" duration-ms="9" started-at="2024-08-17T11:50:20Z" finished-at="2024-08-17T11:50:20Z">
          <reporter-output>
          </reporter-output>
        </test-method> <!-- startTime -->
        <test-method status="PASS" signature="tc1(java.lang.String, java.lang.String)[pri:0, instance:org.testcase.Tc1_Registration@55d56113]" name="tc1" duration-ms="4153" started-at="2024-08-17T11:50:20Z" finished-at="2024-08-17T11:50:24Z">
          <params>
            <param index="0">
              <value>
                <![CDATA[Rakesh]]>
              </value>
            </param>
            <param index="1">
              <value>
                <![CDATA[rakerakeshv002@gmail.com]]>
              </value>
            </param>
          </params>
          <reporter-output>
          </reporter-output>
        </test-method> <!-- tc1 -->
        <test-method status="PASS" signature="endTime()[pri:0, instance:org.testcase.Tc1_Registration@55d56113]" name="endTime" is-config="true" duration-ms="1" started-at="2024-08-17T11:50:24Z" finished-at="2024-08-17T11:50:24Z">
          <reporter-output>
          </reporter-output>
        </test-method> <!-- endTime -->
        <test-method status="PASS" signature="closePage()[pri:0, instance:org.testcase.Tc1_Registration@55d56113]" name="closePage" is-config="true" duration-ms="185" started-at="2024-08-17T11:50:24Z" finished-at="2024-08-17T11:50:24Z">
          <reporter-output>
          </reporter-output>
        </test-method> <!-- closePage -->
      </class> <!-- org.testcase.Tc1_Registration -->
    </test> <!-- Test -->
  </suite> <!-- Smoke Suite -->
</testng-results>
